<?xml version="1.0" encoding="UTF-8"?>
<!-- Generated by org.testng.reporters.JUnitReportReporter -->
<testsuite hostname="DESKTOP-LFL4UKQ" failures="0" tests="1" name="com.test.vagrant.RCBTeamTest" time="0.600" errors="0" timestamp="2022-08-16T15:16:37 IST" skipped="0">
  <testcase classname="com.test.vagrant.RCBTeamTest" name="validate_foreignPlayer" time="0.600"/>
  <system-out/>
</testsuite> <!-- com.test.vagrant.RCBTeamTest -->
