<?xml version="1.0" encoding="UTF-8"?>
<!-- Generated by org.testng.reporters.JUnitReportReporter -->
<testsuite hostname="DESKTOP-LFL4UKQ" failures="0" tests="1" name="com.test.reqres.AutomateReqres" time="8.381" errors="0" timestamp="2022-08-17T23:13:41 IST" skipped="0">
  <testcase classname="com.test.reqres.AutomateReqres" name="validate_jsonbody2" time="8.381"/>
  <system-out/>
</testsuite> <!-- com.test.reqres.AutomateReqres -->
